0 info it worked if it ends with ok
1 verbose cli [ 'C:\\Program Files (x86)\\nodejs\\node.exe',
1 verbose cli   'C:\\Program Files (x86)\\nodejs\\node_modules\\npm\\bin\\npm-cli.js',
1 verbose cli   'start' ]
2 info using npm@3.3.6
3 info using node@v5.0.0
4 verbose run-script [ 'prestart', 'start', 'poststart' ]
5 info lifecycle angular-seed@0.0.0~prestart: angular-seed@0.0.0
6 verbose lifecycle angular-seed@0.0.0~prestart: unsafe-perm in lifecycle true
7 verbose lifecycle angular-seed@0.0.0~prestart: PATH: C:\Program Files (x86)\nodejs\node_modules\npm\bin\node-gyp-bin;C:\Users\Francesco\Desktop\angularJS projects\templatestore\node_modules\.bin;C:\Users\Francesco\bin;C:\Users\Francesco\AppData\Local\Programs\Git\mingw64\bin;C:\Users\Francesco\AppData\Local\Programs\Git\usr\local\bin;C:\Users\Francesco\AppData\Local\Programs\Git\usr\bin;C:\Users\Francesco\AppData\Local\Programs\Git\usr\bin;C:\Users\Francesco\AppData\Local\Programs\Git\mingw64\bin;C:\Users\Francesco\AppData\Local\Programs\Git\usr\bin;C:\Users\Francesco\bin;C:\ProgramData\Oracle\Java\javapath;C:\Program Files (x86)\Intel\iCLS Client;C:\Program Files\Intel\iCLS Client;C:\WINDOWS\system32;C:\WINDOWS;C:\WINDOWS\System32\Wbem;C:\WINDOWS\System32\WindowsPowerShell\v1.0;C:\Program Files\Intel\Intel(R) Management Engine Components\DAL;C:\Program Files\Intel\Intel(R) Management Engine Components\IPT;C:\Program Files (x86)\Intel\Intel(R) Management Engine Components\DAL;C:\Program Files (x86)\Intel\Intel(R) Management Engine Components\IPT;C:\Program Files (x86)\Windows Kits\8.1\Windows Performance Toolkit;C:\Program Files\Microsoft SQL Server\120\Tools\Binn;C:\Program Files (x86)\Microsoft SDKs\TypeScript\1.1;C:\Program Files (x86)\Skype\Phone;C:\Program Files (x86)\NVIDIA Corporation\PhysX\Common;C:\Program Files (x86)\nodejs;C:\apache-maven-3.3.3\bin;C:\Users\Francesco\AppData\Roaming\npm;C:\Users\Francesco\AppData\Local\Programs\Git\cmd;C:\Users\Francesco\AppData\Local\Programs\Git\usr\bin\vendor_perl;C:\Users\Francesco\AppData\Local\Programs\Git\usr\bin\core_perl
8 verbose lifecycle angular-seed@0.0.0~prestart: CWD: C:\Users\Francesco\Desktop\angularJS projects\templatestore
9 silly lifecycle angular-seed@0.0.0~prestart: Args: [ '/d /s /c', 'npm install' ]
10 silly lifecycle angular-seed@0.0.0~prestart: Returned: code: 0  signal: null
11 info lifecycle angular-seed@0.0.0~start: angular-seed@0.0.0
12 verbose lifecycle angular-seed@0.0.0~start: unsafe-perm in lifecycle true
13 verbose lifecycle angular-seed@0.0.0~start: PATH: C:\Program Files (x86)\nodejs\node_modules\npm\bin\node-gyp-bin;C:\Users\Francesco\Desktop\angularJS projects\templatestore\node_modules\.bin;C:\Users\Francesco\bin;C:\Users\Francesco\AppData\Local\Programs\Git\mingw64\bin;C:\Users\Francesco\AppData\Local\Programs\Git\usr\local\bin;C:\Users\Francesco\AppData\Local\Programs\Git\usr\bin;C:\Users\Francesco\AppData\Local\Programs\Git\usr\bin;C:\Users\Francesco\AppData\Local\Programs\Git\mingw64\bin;C:\Users\Francesco\AppData\Local\Programs\Git\usr\bin;C:\Users\Francesco\bin;C:\ProgramData\Oracle\Java\javapath;C:\Program Files (x86)\Intel\iCLS Client;C:\Program Files\Intel\iCLS Client;C:\WINDOWS\system32;C:\WINDOWS;C:\WINDOWS\System32\Wbem;C:\WINDOWS\System32\WindowsPowerShell\v1.0;C:\Program Files\Intel\Intel(R) Management Engine Components\DAL;C:\Program Files\Intel\Intel(R) Management Engine Components\IPT;C:\Program Files (x86)\Intel\Intel(R) Management Engine Components\DAL;C:\Program Files (x86)\Intel\Intel(R) Management Engine Components\IPT;C:\Program Files (x86)\Windows Kits\8.1\Windows Performance Toolkit;C:\Program Files\Microsoft SQL Server\120\Tools\Binn;C:\Program Files (x86)\Microsoft SDKs\TypeScript\1.1;C:\Program Files (x86)\Skype\Phone;C:\Program Files (x86)\NVIDIA Corporation\PhysX\Common;C:\Program Files (x86)\nodejs;C:\apache-maven-3.3.3\bin;C:\Users\Francesco\AppData\Roaming\npm;C:\Users\Francesco\AppData\Local\Programs\Git\cmd;C:\Users\Francesco\AppData\Local\Programs\Git\usr\bin\vendor_perl;C:\Users\Francesco\AppData\Local\Programs\Git\usr\bin\core_perl
14 verbose lifecycle angular-seed@0.0.0~start: CWD: C:\Users\Francesco\Desktop\angularJS projects\templatestore
15 silly lifecycle angular-seed@0.0.0~start: Args: [ '/d /s /c', 'http-server -a localhost -p 8000 -c-1' ]
16 silly lifecycle angular-seed@0.0.0~start: Returned: code: 1  signal: null
17 info lifecycle angular-seed@0.0.0~start: Failed to exec start script
18 verbose stack Error: angular-seed@0.0.0 start: `http-server -a localhost -p 8000 -c-1`
18 verbose stack Exit status 1
18 verbose stack     at EventEmitter.<anonymous> (C:\Program Files (x86)\nodejs\node_modules\npm\lib\utils\lifecycle.js:233:16)
18 verbose stack     at emitTwo (events.js:87:13)
18 verbose stack     at EventEmitter.emit (events.js:172:7)
18 verbose stack     at ChildProcess.<anonymous> (C:\Program Files (x86)\nodejs\node_modules\npm\lib\utils\spawn.js:24:14)
18 verbose stack     at emitTwo (events.js:87:13)
18 verbose stack     at ChildProcess.emit (events.js:172:7)
18 verbose stack     at maybeClose (internal/child_process.js:818:16)
18 verbose stack     at Process.ChildProcess._handle.onexit (internal/child_process.js:211:5)
19 verbose pkgid angular-seed@0.0.0
20 verbose cwd C:\Users\Francesco\Desktop\angularJS projects\templatestore
21 error Windows_NT 10.0.10240
22 error argv "C:\\Program Files (x86)\\nodejs\\node.exe" "C:\\Program Files (x86)\\nodejs\\node_modules\\npm\\bin\\npm-cli.js" "start"
23 error node v5.0.0
24 error npm  v3.3.6
25 error code ELIFECYCLE
26 error angular-seed@0.0.0 start: `http-server -a localhost -p 8000 -c-1`
26 error Exit status 1
27 error Failed at the angular-seed@0.0.0 start script 'http-server -a localhost -p 8000 -c-1'.
27 error This is most likely a problem with the angular-seed package,
27 error not with npm itself.
27 error Tell the author that this fails on your system:
27 error     http-server -a localhost -p 8000 -c-1
27 error You can get their info via:
27 error     npm owner ls angular-seed
27 error There is likely additional logging output above.
28 verbose exit [ 1, true ]
